#H&-horario&-tipo&-status
#D&-09:42:48&-load&-sucess
#D&-09:42:48&-get&-passed
#D&-09:42:54&-load&-sucess
#D&-09:42:54&-get&-passed
#D&-09:43:00&-load&-sucess
#D&-09:43:00&-get_all&-passed
#D&-09:43:11&-load&-sucess
#D&-09:43:11&-get&-passed
#D&-09:43:20&-load&-sucess
#D&-09:43:20&-get_all&-passed
#D&-09:43:20&-save&-sucess
#D&-09:43:20&-load&-sucess
#D&-09:43:20&-set&-passed
#D&-09:44:29&-load&-sucess
#D&-09:44:29&-startup&-passed
#D&-09:44:29&-load&-sucess
#D&-09:44:29&-startup&-passed
#D&-09:44:29&-load&-sucess
#D&-09:44:29&-startup&-passed
#D&-09:44:42&-load&-sucess
#D&-09:44:42&-get&-passed
#D&-09:44:44&-load&-sucess
#D&-09:44:44&-get_all&-passed
#D&-09:44:44&-save&-sucess
#D&-09:44:44&-load&-sucess
#D&-09:44:44&-set&-passed
#D&-09:44:44&-load&-sucess
#D&-09:44:44&-get_all&-passed
#D&-10:05:01&-load&-sucess
#D&-10:05:01&-startup&-passed
#D&-10:05:01&-load&-sucess
#D&-10:05:01&-startup&-passed
#D&-10:05:01&-load&-sucess
#D&-10:05:01&-startup&-passed
#D&-10:06:03&-load&-sucess
#D&-10:06:03&-startup&-passed
#D&-10:06:03&-load&-sucess
#D&-10:06:03&-startup&-passed
#D&-10:06:03&-load&-sucess
#D&-10:06:03&-startup&-passed
#D&-10:06:24&-load&-sucess
#D&-10:06:24&-get&-passed
#D&-10:08:58&-load&-sucess
#D&-10:08:58&-startup&-passed
#D&-10:08:58&-load&-sucess
#D&-10:08:58&-startup&-passed
#D&-10:08:58&-load&-sucess
#D&-10:08:58&-startup&-passed
#D&-10:09:26&-load&-sucess
#D&-10:09:26&-get&-passed
#D&-10:10:11&-load&-sucess
#D&-10:10:11&-get&-passed
#D&-10:10:15&-load&-sucess
#D&-10:10:15&-startup&-passed
#D&-10:10:15&-load&-sucess
#D&-10:10:15&-startup&-passed
#D&-10:10:15&-load&-sucess
#D&-10:10:15&-startup&-passed
#D&-10:10:48&-load&-sucess
#D&-10:10:48&-get&-passed
#D&-10:48:11&-load&-sucess
#D&-10:48:11&-startup&-passed
#D&-10:48:11&-load&-sucess
#D&-10:48:11&-startup&-passed
#D&-10:48:11&-load&-sucess
#D&-10:48:11&-startup&-passed
#D&-11:01:30&-load&-sucess
#D&-11:01:30&-get&-passed
#D&-11:43:08&-load&-sucess
#D&-11:43:08&-startup&-passed
#D&-11:43:08&-load&-sucess
#D&-11:43:08&-startup&-passed
#D&-11:43:08&-load&-sucess
#D&-11:43:08&-startup&-passed
#D&-11:43:34&-load&-sucess
#D&-11:43:34&-get&-passed
#D&-11:43:34&-load&-sucess
#D&-11:43:34&-get&-passed
#D&-11:43:34&-load&-sucess
#D&-11:43:34&-get&-passed
#D&-11:46:42&-load&-sucess
#D&-11:46:42&-get&-passed
#D&-11:47:12&-save&-sucess
#D&-11:47:12&-load&-sucess
#D&-11:47:12&-set&-passed
#D&-11:47:13&-load&-sucess
#D&-11:47:13&-get_all&-passed
#D&-11:47:18&-load&-sucess
#D&-11:47:18&-get&-passed
#D&-11:47:26&-load&-sucess
#D&-11:47:26&-get_all&-passed
#D&-11:47:26&-save&-sucess
#D&-11:47:26&-load&-sucess
#D&-11:47:26&-set&-passed
#D&-11:47:26&-load&-sucess
#D&-11:47:26&-get_all&-passed
#D&-01:08:30&-load&-sucess
#D&-01:08:30&-startup&-passed
#D&-01:08:30&-load&-sucess
#D&-01:08:30&-startup&-passed
#D&-01:08:30&-load&-sucess
#D&-01:08:30&-startup&-passed
